c:\users\leoni\source\repos\projekt4\laboratory7\x64\debug\vc143.pdb
c:\users\leoni\source\repos\projekt4\laboratory7\x64\debug\vc143.idb
c:\users\leoni\source\repos\projekt4\laboratory7\x64\debug\khantov_leonid_221_351_lab7.obj
c:\users\leoni\source\repos\projekt4\laboratory7\x64\debug\any.obj
c:\users\leoni\source\repos\project1\laboratory7\x64\debug\vc143.pdb
c:\users\leoni\source\repos\project1\laboratory7\x64\debug\vc143.idb
c:\users\leoni\source\repos\project1\laboratory7\x64\debug\khantov_leonid_221_351_lab7.obj
c:\users\leoni\source\repos\project1\laboratory7\x64\debug\any.obj
c:\users\leoni\source\repos\projekt4\laboratory7\x64\debug\laboratory7.ilk
c:\users\leoni\source\repos\projekt4\x64\debug\laboratory7.exe
c:\users\leoni\source\repos\projekt4\x64\debug\laboratory7.pdb
c:\users\leoni\source\repos\project1\laboratory7\x64\debug\laboratory7.ilk
c:\users\leoni\source\repos\project1\x64\debug\laboratory7.exe
c:\users\leoni\source\repos\project1\x64\debug\laboratory7.pdb
c:\users\leoni\source\repos\project1\laboratory7\x64\debug\laboratory7.tlog\cl.command.1.tlog
c:\users\leoni\source\repos\project1\laboratory7\x64\debug\laboratory7.tlog\cl.read.1.tlog
c:\users\leoni\source\repos\project1\laboratory7\x64\debug\laboratory7.tlog\cl.write.1.tlog
c:\users\leoni\source\repos\project1\laboratory7\x64\debug\laboratory7.tlog\link.command.1.tlog
c:\users\leoni\source\repos\project1\laboratory7\x64\debug\laboratory7.tlog\link.read.1.tlog
c:\users\leoni\source\repos\project1\laboratory7\x64\debug\laboratory7.tlog\link.write.1.tlog
